#
# A fatal error has been detected by the Java Runtime Environment:
#
#  EXCEPTION_ACCESS_VIOLATION (0xc0000005) at pc=0x00007ffbe54a61ee, pid=17836, tid=35492
#
# JRE version: Java(TM) SE Runtime Environment (17.0.2+8) (build 17.0.2+8-LTS-86)
# Java VM: Java HotSpot(TM) 64-Bit Server VM (17.0.2+8-LTS-86, mixed mode, sharing, tiered, compressed oops, compressed class ptrs, g1 gc, windows-amd64)
# Problematic frame:
# C  [awt.dll+0xd61ee]
#
# No core dump will be written. Minidumps are not enabled by default on client versions of Windows
#
# If you would like to submit a bug report, please visit:
#   https://bugreport.java.com/bugreport/crash.jsp
# The crash happened outside the Java Virtual Machine in native code.
# See problematic frame for where to report the bug.
#

---------------  S U M M A R Y ------------

Command Line: jason.infra.local.RunLocalMAS DomesticRobot.mas2j

Host: Intel(R) Xeon(R) CPU E5-2678 v3 @ 2.50GHz, 22 cores, 47G,  Windows 10 , 64 bit Build 19041 (10.0.19041.1566)
Time: Tue Apr 12 20:35:06 2022 Hora de verano romance elapsed time: 52.491142 seconds (0d 0h 0m 52s)

---------------  T H R E A D  ---------------

Current thread (0x00000189ae9b2540):  JavaThread "AWT-Windows" daemon [_thread_in_native, id=35492, stack(0x0000004697800000,0x0000004697900000)]

Stack: [0x0000004697800000,0x0000004697900000],  sp=0x00000046978fed30,  free space=1019k
Native frames: (J=compiled Java code, j=interpreted, Vv=VM code, C=native code)
C  [awt.dll+0xd61ee]

Java frames: (J=compiled Java code, j=interpreted, Vv=VM code)
j  sun.awt.windows.WToolkit.eventLoop()V+0 java.desktop@17.0.2
j  sun.awt.windows.WToolkit.run()V+50 java.desktop@17.0.2
j  java.lang.Thread.run()V+11 java.base@17.0.2
v  ~StubRoutines::call_stub

siginfo: EXCEPTION_ACCESS_VIOLATION (0xc0000005), reading address 0x0000000000000000


Register to memory mapping:

RIP=0x00007ffbe54a61ee awt.dll
RAX=0x0 is NULL
RBX=0x00000189b6112aa0 is a global jni handle
RCX=0x0 is NULL
RDX=0x00000189b6112aa0 is a global jni handle
RSP=0x00000046978fed30 is pointing into the stack for thread: 0x00000189ae9b2540
RBP=0x00007ffbe550a7e0 awt.dll
RSI=0x0 is NULL
RDI=0x00000189ae9b27e8 points into unknown readable memory: 0x00007ffbc1a25640 | 40 56 a2 c1 fb 7f 00 00
R8 =0x0000000000000042 is an unknown value
R9 =0x00000005003b60e8 is an oop: sun.awt.windows.WFramePeer 
{0x00000005003b60e8} - klass: 'sun/awt/windows/WFramePeer'
 - ---- fields (total size 19 words):
 - private volatile 'destroyed' 'Z' @12  true
 - private volatile 'disposed' 'Z' @13  false
 - volatile 'pData' 'J' @16  0 (0 0)
 - volatile 'target' 'Ljava/lang/Object;' @24  a 'gui/MyFrame'{0x00000005003bd428} (a0077a85)
 - volatile 'createError' 'Ljava/lang/Error;' @28  NULL (0)
 - private final 'stateLock' 'Ljava/lang/Object;' @32  a 'java/lang/Object'{0x00000005003e93a8} (a007d275)
 - private volatile 'childPeers' 'Ljava/util/Map;' @36  NULL (0)
 - 'isLayouting' 'Z' @14  false
 - 'paintPending' 'Z' @15  false
 - protected volatile 'hwnd' 'J' @40  0 (0 0)
 - 'nativeDropTargetContext' 'J' @48  1690975679088 (b6013270 189)
 - 'oldWidth' 'I' @56  600 (258)
 - 'oldHeight' 'I' @60  400 (190)
 - private 'numBackBuffers' 'I' @64  0
 - 'nDropTargets' 'I' @68  2
 - public 'serialNum' 'I' @72  1
 - private 'updateX1' 'I' @76  0
 - private 'updateY1' 'I' @80  0
 - private 'updateX2' 'I' @84  0
 - private 'updateY2' 'I' @88  0
 - private volatile 'isAccelCapable' 'Z' @92  true
 - 'surfaceData' 'Lsun/java2d/SurfaceData;' @96  a 'sun/java2d/d3d/D3DSurfaceData$D3DWindowSurfaceData'{0x000000050076a4e0} (a00ed49c)
 - private 'paintArea' 'Lsun/awt/RepaintArea;' @100  a 'sun/awt/RepaintArea'{0x00000005003e93b8} (a007d277)
 - protected 'winGraphicsConfig' 'Lsun/awt/Win32GraphicsConfig;' @104  a 'sun/java2d/d3d/D3DGraphicsConfig'{0x000000050000b088} (a0001611)
 - private 'backBuffer' 'Ljava/awt/image/VolatileImage;' @108  NULL (0)
 - private 'backBufferCaps' 'Ljava/awt/BufferCapabilities;' @112  NULL (0)
 - private 'foreground' 'Ljava/awt/Color;' @116  a 'java/awt/SystemColor'{0x00000005000b0b08} (a0016161)
 - private 'background' 'Ljava/awt/Color;' @120  a 'javax/swing/plaf/ColorUIResource'{0x00000005000ada50} (a0015b4a)
 - private 'font' 'Ljava/awt/Font;' @124  a 'java/awt/Font'{0x0000000500070860} (a000e10c)
 - private 'eraseBackground' 'Z' @93  false
 - 'insets_' 'Ljava/awt/Insets;' @128  a 'java/awt/Insets'{0x00000005003e93e8} (a007d27d)
 - private 'isOpaque' 'Z' @94  true
 - private 'opacity' 'F' @132  1.000000 (3f800000)
 - private 'modalBlocker' 'Lsun/awt/windows/WWindowPeer;' @136  NULL (0)
 - private 'painter' 'Lsun/awt/windows/TranslucentWindowPainter;' @140  NULL (0)
 - private 'windowListener' 'Ljava/awt/event/WindowListener;' @144  NULL (0)
 - private volatile 'windowType' 'Ljava/awt/Window$Type;' @148  a 'java/awt/Window$Type'{0x0000000500163310} (a002c662)
R10=0x00007ffbc1aa4a00 jvm.dll
R11=0x000000000000010a is an unknown value
R12=0x0000000000e50c9e is an unknown value
R13=0x0000000000009824 is an unknown value
R14=0x0000000003ba006a is an unknown value
R15=0x0000000000009824 is an unknown value


Registers:
RAX=0x0000000000000000, RBX=0x00000189b6112aa0, RCX=0x0000000000000000, RDX=0x00000189b6112aa0
RSP=0x00000046978fed30, RBP=0x00007ffbe550a7e0, RSI=0x0000000000000000, RDI=0x00000189ae9b27e8
R8 =0x0000000000000042, R9 =0x00000005003b60e8, R10=0x00007ffbc1aa4a00, R11=0x000000000000010a
R12=0x0000000000e50c9e, R13=0x0000000000009824, R14=0x0000000003ba006a, R15=0x0000000000009824
RIP=0x00007ffbe54a61ee, EFLAGS=0x0000000000010246

Top of Stack: (sp=0x00000046978fed30)
0x00000046978fed30:   00000189b6112aa0 0000000000000000
0x00000046978fed40:   00007ffbe54a3a40 00007ffc12bec13a
0x00000046978fed50:   0000bc17b5c19a2b 00000046978fef68
0x00000046978fed60:   00000046978fef88 00007ffbe54a65b3
0x00000046978fed70:   00000189ae9b2540 00007ffbc137317f
0x00000046978fed80:   00000189ae9b27e8 0000000000000000
0x00000046978fed90:   0000000000000001 00000189ae9b27e8
0x00000046978feda0:   0000000000000000 00007ffbe54a3b31
0x00000046978fedb0:   00000046978fef88 00007ffbe54a3a40
0x00000046978fedc0:   0000000000000001 0000000000000000
0x00000046978fedd0:   0000a3ca9ec72ae9 00007ffc2e0a0e36
0x00000046978fede0:   0000000000000000 0000000000000000
0x00000046978fedf0:   0000000000009824 0000000000000000
0x00000046978fee00:   0000000080000022 0000000000000000
0x00000046978fee10:   0000000000000001 00007ffc2e08e858
0x00000046978fee20:   0000000000000000 0000d2938a951132 

Instructions: (pc=0x00007ffbe54a61ee)
0x00007ffbe54a60ee:   e8 ad d8 ff ff 33 d2 8d 4a 20 ff 15 12 da 06 00
0x00007ffbe54a60fe:   8b d0 33 f6 89 74 24 20 4c 8d 4c 24 50 4c 8d 05
0x00007ffbe54a610e:   2e 10 07 00 8d 4e 20 ff 15 95 dc 06 00 33 d2 49
0x00007ffbe54a611e:   8b ce ff 15 02 d7 06 00 48 8b d8 48 85 c0 0f 85
0x00007ffbe54a612e:   84 00 00 00 4c 8d 05 f7 8d 03 00 8d 56 09 48 8d
0x00007ffbe54a613e:   8c 24 88 00 00 00 ff 15 d6 93 01 00 44 8d 46 10
0x00007ffbe54a614e:   48 8d 54 24 70 49 8b ce ff 15 04 92 01 00 48 8d
0x00007ffbe54a615e:   44 24 70 49 c7 c0 ff ff ff ff 0f 1f 84 00 00 00
0x00007ffbe54a616e:   00 00 49 ff c0 66 42 39 34 40 75 f6 4b 8d 04 00
0x00007ffbe54a617e:   48 8d 8c 24 98 00 00 00 48 2b c8 48 8d 54 24 70
0x00007ffbe54a618e:   e8 11 61 01 00 33 d2 48 8d 8c 24 88 00 00 00 ff
0x00007ffbe54a619e:   15 7d d6 06 00 48 85 c0 74 0e 33 d2 48 8b c8 ff
0x00007ffbe54a61ae:   15 75 d6 06 00 48 8b d8 48 85 db 40 0f 95 c6 4c
0x00007ffbe54a61be:   8b 07 33 d2 48 8b cf 41 ff 90 a0 00 00 00 90 48
0x00007ffbe54a61ce:   8b c6 e9 9d 01 00 00 48 8b 07 4c 8b 05 61 09 07
0x00007ffbe54a61de:   00 48 8b d3 48 8b cf ff 90 28 03 00 00 48 8b c8
0x00007ffbe54a61ee:   4c 8b 08 49 8b c6 48 c1 e8 10 44 0f bf c0 41 0f
0x00007ffbe54a61fe:   bf d6 41 ff 91 60 02 00 00 48 8b 07 48 8b d3 48
0x00007ffbe54a620e:   8b cf ff 90 b0 00 00 00 33 f6 48 89 35 61 0e 07
0x00007ffbe54a621e:   00 48 8b 0d 52 0e 07 00 ff 15 54 8f 01 00 90 48
0x00007ffbe54a622e:   8b 07 33 d2 48 8b cf ff 90 a0 00 00 00 90 33 c0
0x00007ffbe54a623e:   e9 2f 01 00 00 ba ff ff ff ff 49 8b ce ff 15 3f
0x00007ffbe54a624e:   8e 01 00 8b d8 4c 8b 07 33 d2 48 8b cf 41 ff 90
0x00007ffbe54a625e:   a0 00 00 00 90 8b c3 e9 08 01 00 00 49 8b ce ff
0x00007ffbe54a626e:   d3 48 8b d8 4c 8b 07 33 d2 48 8b cf 41 ff 90 a0
0x00007ffbe54a627e:   00 00 00 90 48 8b c3 e9 e8 00 00 00 ff d3 48 8b
0x00007ffbe54a628e:   d8 4c 8b 07 33 d2 48 8b cf 41 ff 90 a0 00 00 00
0x00007ffbe54a629e:   90 48 8b c3 e9 cb 00 00 00 41 8b d6 48 8b cb e8
0x00007ffbe54a62ae:   61 3d 01 00 33 f6 48 89 35 c5 0d 07 00 48 8b 0d
0x00007ffbe54a62be:   b6 0d 07 00 ff 15 b8 8e 01 00 90 48 8b 07 33 d2
0x00007ffbe54a62ce:   48 8b cf ff 90 a0 00 00 00 90 33 c0 e9 93 00 00
0x00007ffbe54a62de:   00 48 8b cb e8 1a 3d 01 00 8b c0 48 89 05 90 0d 


Stack slot to memory mapping:
stack at sp + 0 slots: 0x00000189b6112aa0 is a global jni handle
stack at sp + 1 slots: 0x0 is NULL
stack at sp + 2 slots: 0x00007ffbe54a3a40 awt.dll
stack at sp + 3 slots: 0x00007ffc12bec13a java.dll
stack at sp + 4 slots: 0x0000bc17b5c19a2b is an unknown value
stack at sp + 5 slots: 0x00000046978fef68 is pointing into the stack for thread: 0x00000189ae9b2540
stack at sp + 6 slots: 0x00000046978fef88 is pointing into the stack for thread: 0x00000189ae9b2540
stack at sp + 7 slots: 0x00007ffbe54a65b3 awt.dll


---------------  P R O C E S S  ---------------

Threads class SMR info:
_java_thread_list=0x00000189bcca9220, length=25, elements={
0x00000189f6a5b7d0, 0x00000189ad9e5180, 0x00000189ad9e5f00, 0x00000189ad9fd180,
0x00000189ad9fea50, 0x00000189adac53a0, 0x00000189adac5c60, 0x00000189adac6850,
0x00000189adaca700, 0x00000189adad5020, 0x00000189adc5d9e0, 0x00000189adc5e2c0,
0x00000189add94c60, 0x00000189ae9af5b0, 0x00000189ae9b2540, 0x00000189b58ffaf0,
0x00000189b5f8d620, 0x00000189b5f89c60, 0x00000189b5f88df0, 0x00000189bc609290,
0x00000189bc60dac0, 0x00000189bc60a100, 0x00000189bc60b440, 0x00000189bc609760,
0x00000189bb87b3b0
}

Java Threads: ( => current thread )
  0x00000189f6a5b7d0 JavaThread "main" [_thread_blocked, id=20672, stack(0x0000004696100000,0x0000004696200000)]
  0x00000189ad9e5180 JavaThread "Reference Handler" daemon [_thread_blocked, id=21852, stack(0x0000004696800000,0x0000004696900000)]
  0x00000189ad9e5f00 JavaThread "Finalizer" daemon [_thread_blocked, id=21996, stack(0x0000004696900000,0x0000004696a00000)]
  0x00000189ad9fd180 JavaThread "Signal Dispatcher" daemon [_thread_blocked, id=27808, stack(0x0000004696a00000,0x0000004696b00000)]
  0x00000189ad9fea50 JavaThread "Attach Listener" daemon [_thread_blocked, id=29256, stack(0x0000004696b00000,0x0000004696c00000)]
  0x00000189adac53a0 JavaThread "Service Thread" daemon [_thread_blocked, id=24104, stack(0x0000004696c00000,0x0000004696d00000)]
  0x00000189adac5c60 JavaThread "Monitor Deflation Thread" daemon [_thread_blocked, id=27692, stack(0x0000004696d00000,0x0000004696e00000)]
  0x00000189adac6850 JavaThread "C2 CompilerThread0" daemon [_thread_blocked, id=25360, stack(0x0000004696e00000,0x0000004696f00000)]
  0x00000189adaca700 JavaThread "C1 CompilerThread0" daemon [_thread_blocked, id=19380, stack(0x0000004696f00000,0x0000004697000000)]
  0x00000189adad5020 JavaThread "Sweeper thread" daemon [_thread_blocked, id=26644, stack(0x0000004697000000,0x0000004697100000)]
  0x00000189adc5d9e0 JavaThread "Notification Thread" daemon [_thread_blocked, id=31768, stack(0x0000004697300000,0x0000004697400000)]
  0x00000189adc5e2c0 JavaThread "Common-Cleaner" daemon [_thread_blocked, id=28836, stack(0x0000004697500000,0x0000004697600000)]
  0x00000189add94c60 JavaThread "Java2D Disposer" daemon [_thread_blocked, id=17516, stack(0x0000004697600000,0x0000004697700000)]
  0x00000189ae9af5b0 JavaThread "AWT-Shutdown" [_thread_blocked, id=33076, stack(0x0000004697700000,0x0000004697800000)]
=>0x00000189ae9b2540 JavaThread "AWT-Windows" daemon [_thread_in_native, id=35492, stack(0x0000004697800000,0x0000004697900000)]
  0x00000189b58ffaf0 JavaThread "AWT-EventQueue-0" [_thread_in_native, id=30756, stack(0x0000004697ca0000,0x0000004697da0000)]
  0x00000189b5f8d620 JavaThread "server-timer" daemon [_thread_blocked, id=13236, stack(0x000000469a660000,0x000000469a760000)]
  0x00000189b5f89c60 JavaThread "HTTP-Dispatcher" [_thread_in_native, id=38124, stack(0x000000469a760000,0x000000469a860000)]
  0x00000189b5f88df0 JavaThread "TimerQueue" daemon [_thread_blocked, id=15664, stack(0x000000469a860000,0x000000469a960000)]
  0x00000189bc609290 JavaThread "pool-4-thread-1" [_thread_blocked, id=23476, stack(0x000000469bc60000,0x000000469bd60000)]
  0x00000189bc60dac0 JavaThread "pool-4-thread-2" [_thread_blocked, id=22512, stack(0x000000469bd60000,0x000000469be60000)]
  0x00000189bc60a100 JavaThread "Thread-36" [_thread_blocked, id=36512, stack(0x0000004697100000,0x0000004697200000)]
  0x00000189bc60b440 JavaThread "Thread-37" [_thread_blocked, id=17228, stack(0x0000004697200000,0x0000004697300000)]
  0x00000189bc609760 JavaThread "ToolkitShutdown" daemon [_thread_in_native, id=17824, stack(0x0000004697da0000,0x0000004697ea0000)]
  0x00000189bb87b3b0 JavaThread "C1 CompilerThread1" daemon [_thread_blocked, id=32000, stack(0x0000004697900000,0x0000004697a00000)]

Other Threads:
  0x00000189adac3010 VMThread "VM Thread" [stack: 0x0000004696700000,0x0000004696800000] [id=29452]
  0x00000189f6b2d810 WatcherThread [stack: 0x0000004697400000,0x0000004697500000] [id=39812]
  0x00000189f6aefb90 GCTaskThread "GC Thread#0" [stack: 0x0000004696200000,0x0000004696300000] [id=5048]
  0x00000189b6009c80 GCTaskThread "GC Thread#1" [stack: 0x0000004699760000,0x0000004699860000] [id=35872]
  0x00000189b601e270 GCTaskThread "GC Thread#2" [stack: 0x0000004699860000,0x0000004699960000] [id=29308]
  0x00000189b602a740 GCTaskThread "GC Thread#3" [stack: 0x0000004699960000,0x0000004699a60000] [id=33284]
  0x00000189b6013a20 GCTaskThread "GC Thread#4" [stack: 0x0000004699a60000,0x0000004699b60000] [id=15396]
  0x00000189b6016900 GCTaskThread "GC Thread#5" [stack: 0x0000004699b60000,0x0000004699c60000] [id=32788]
  0x00000189b601abc0 GCTaskThread "GC Thread#6" [stack: 0x0000004699c60000,0x0000004699d60000] [id=35676]
  0x00000189b602b6b0 GCTaskThread "GC Thread#7" [stack: 0x0000004699d60000,0x0000004699e60000] [id=27852]
  0x00000189b602b960 GCTaskThread "GC Thread#8" [stack: 0x0000004699e60000,0x0000004699f60000] [id=29284]
  0x00000189b602c170 GCTaskThread "GC Thread#9" [stack: 0x0000004699f60000,0x000000469a060000] [id=23436]
  0x00000189b602bc10 GCTaskThread "GC Thread#10" [stack: 0x000000469a060000,0x000000469a160000] [id=21524]
  0x00000189b602bec0 GCTaskThread "GC Thread#11" [stack: 0x000000469a160000,0x000000469a260000] [id=19544]
  0x00000189b602c420 GCTaskThread "GC Thread#12" [stack: 0x000000469a260000,0x000000469a360000] [id=26324]
  0x00000189b602aea0 GCTaskThread "GC Thread#13" [stack: 0x000000469a360000,0x000000469a460000] [id=25712]
  0x00000189b602c6d0 GCTaskThread "GC Thread#14" [stack: 0x000000469a460000,0x000000469a560000] [id=18512]
  0x00000189b602c980 GCTaskThread "GC Thread#15" [stack: 0x000000469a560000,0x000000469a660000] [id=29628]
  0x00000189f6afd9f0 ConcurrentGCThread "G1 Main Marker" [stack: 0x0000004696300000,0x0000004696400000] [id=23840]
  0x00000189f6afeab0 ConcurrentGCThread "G1 Conc#0" [stack: 0x0000004696400000,0x0000004696500000] [id=23584]
  0x00000189ad91d020 ConcurrentGCThread "G1 Refine#0" [stack: 0x0000004696500000,0x0000004696600000] [id=32132]
  0x00000189ad91d6f0 ConcurrentGCThread "G1 Service" [stack: 0x0000004696600000,0x0000004696700000] [id=34496]

Threads with active compile tasks:

VM state: not at safepoint (normal execution)

VM Mutex/Monitor currently owned by a thread: None

Heap address: 0x0000000500000000, size: 12288 MB, Compressed Oops mode: Zero based, Oop shift amount: 3

CDS archive(s) mapped at: [0x0000000800000000-0x0000000800bc0000-0x0000000800bc0000), size 12320768, SharedBaseAddress: 0x0000000800000000, ArchiveRelocationMode: 0.
Compressed class space mapped at: 0x0000000800c00000-0x0000000840c00000, reserved size: 1073741824
Narrow klass base: 0x0000000800000000, Narrow klass shift: 0, Narrow klass range: 0x100000000

GC Precious Log:
 CPUs: 22 total, 22 available
 Memory: 49148M
 Large Page Support: Disabled
 NUMA Support: Disabled
 Compressed Oops: Enabled (Zero based)
 Heap Region Size: 8M
 Heap Min Capacity: 8M
 Heap Initial Capacity: 768M
 Heap Max Capacity: 12G
 Pre-touch: Disabled
 Parallel Workers: 16
 Concurrent Workers: 4
 Concurrent Refinement Workers: 16
 Periodic GC: Disabled

Heap:
 garbage-first heap   total 1376256K, used 666494K [0x0000000500000000, 0x0000000800000000)
  region size 8192K, 81 young (663552K), 1 survivors (8192K)
 Metaspace       used 20918K, committed 21248K, reserved 1073152K
  class space    used 2158K, committed 2304K, reserved 1048576K

Heap Regions: E=young(eden), S=young(survivor), O=old, HS=humongous(starts), HC=humongous(continues), CS=collection set, F=free, OA=open archive, CA=closed archive, TAMS=top-at-mark-start (previous, next)
|   0|0x0000000500000000, 0x0000000500800000, 0x0000000500800000|100%| O|  |TAMS 0x0000000500000000, 0x0000000500000000| Untracked 
|   1|0x0000000500800000, 0x0000000501000000, 0x0000000501000000|100%| O|  |TAMS 0x0000000500800000, 0x0000000500800000| Untracked 
|   2|0x0000000501000000, 0x00000005012ca800, 0x0000000501800000| 34%| O|  |TAMS 0x0000000501000000, 0x0000000501000000| Untracked 
|   3|0x0000000501800000, 0x0000000501800000, 0x0000000502000000|  0%| F|  |TAMS 0x0000000501800000, 0x0000000501800000| Untracked 
|   4|0x0000000502000000, 0x0000000502000000, 0x0000000502800000|  0%| F|  |TAMS 0x0000000502000000, 0x0000000502000000| Untracked 
|   5|0x0000000502800000, 0x0000000502800000, 0x0000000503000000|  0%| F|  |TAMS 0x0000000502800000, 0x0000000502800000| Untracked 
|   6|0x0000000503000000, 0x0000000503000000, 0x0000000503800000|  0%| F|  |TAMS 0x0000000503000000, 0x0000000503000000| Untracked 
|   7|0x0000000503800000, 0x0000000503800000, 0x0000000504000000|  0%| F|  |TAMS 0x0000000503800000, 0x0000000503800000| Untracked 
|   8|0x0000000504000000, 0x0000000504000000, 0x0000000504800000|  0%| F|  |TAMS 0x0000000504000000, 0x0000000504000000| Untracked 
|   9|0x0000000504800000, 0x0000000504800000, 0x0000000505000000|  0%| F|  |TAMS 0x0000000504800000, 0x0000000504800000| Untracked 
|  10|0x0000000505000000, 0x0000000505000000, 0x0000000505800000|  0%| F|  |TAMS 0x0000000505000000, 0x0000000505000000| Untracked 
|  11|0x0000000505800000, 0x0000000505800000, 0x0000000506000000|  0%| F|  |TAMS 0x0000000505800000, 0x0000000505800000| Untracked 
|  12|0x0000000506000000, 0x0000000506000000, 0x0000000506800000|  0%| F|  |TAMS 0x0000000506000000, 0x0000000506000000| Untracked 
|  13|0x0000000506800000, 0x0000000506800000, 0x0000000507000000|  0%| F|  |TAMS 0x0000000506800000, 0x0000000506800000| Untracked 
|  14|0x0000000507000000, 0x0000000507000000, 0x0000000507800000|  0%| F|  |TAMS 0x0000000507000000, 0x0000000507000000| Untracked 
|  15|0x0000000507800000, 0x0000000507800000, 0x0000000508000000|  0%| F|  |TAMS 0x0000000507800000, 0x0000000507800000| Untracked 
|  16|0x0000000508000000, 0x0000000508000000, 0x0000000508800000|  0%| F|  |TAMS 0x0000000508000000, 0x0000000508000000| Untracked 
|  17|0x0000000508800000, 0x0000000508800000, 0x0000000509000000|  0%| F|  |TAMS 0x0000000508800000, 0x0000000508800000| Untracked 
|  18|0x0000000509000000, 0x0000000509000000, 0x0000000509800000|  0%| F|  |TAMS 0x0000000509000000, 0x0000000509000000| Untracked 
|  19|0x0000000509800000, 0x0000000509800000, 0x000000050a000000|  0%| F|  |TAMS 0x0000000509800000, 0x0000000509800000| Untracked 
|  20|0x000000050a000000, 0x000000050a000000, 0x000000050a800000|  0%| F|  |TAMS 0x000000050a000000, 0x000000050a000000| Untracked 
|  21|0x000000050a800000, 0x000000050a800000, 0x000000050b000000|  0%| F|  |TAMS 0x000000050a800000, 0x000000050a800000| Untracked 
|  22|0x000000050b000000, 0x000000050b000000, 0x000000050b800000|  0%| F|  |TAMS 0x000000050b000000, 0x000000050b000000| Untracked 
|  23|0x000000050b800000, 0x000000050b800000, 0x000000050c000000|  0%| F|  |TAMS 0x000000050b800000, 0x000000050b800000| Untracked 
|  24|0x000000050c000000, 0x000000050c000000, 0x000000050c800000|  0%| F|  |TAMS 0x000000050c000000, 0x000000050c000000| Untracked 
|  25|0x000000050c800000, 0x000000050c800000, 0x000000050d000000|  0%| F|  |TAMS 0x000000050c800000, 0x000000050c800000| Untracked 
|  26|0x000000050d000000, 0x000000050d000000, 0x000000050d800000|  0%| F|  |TAMS 0x000000050d000000, 0x000000050d000000| Untracked 
|  27|0x000000050d800000, 0x000000050d800000, 0x000000050e000000|  0%| F|  |TAMS 0x000000050d800000, 0x000000050d800000| Untracked 
|  28|0x000000050e000000, 0x000000050e000000, 0x000000050e800000|  0%| F|  |TAMS 0x000000050e000000, 0x000000050e000000| Untracked 
|  29|0x000000050e800000, 0x000000050e800000, 0x000000050f000000|  0%| F|  |TAMS 0x000000050e800000, 0x000000050e800000| Untracked 
|  30|0x000000050f000000, 0x000000050f000000, 0x000000050f800000|  0%| F|  |TAMS 0x000000050f000000, 0x000000050f000000| Untracked 
|  31|0x000000050f800000, 0x000000050f800000, 0x0000000510000000|  0%| F|  |TAMS 0x000000050f800000, 0x000000050f800000| Untracked 
|  32|0x0000000510000000, 0x0000000510000000, 0x0000000510800000|  0%| F|  |TAMS 0x0000000510000000, 0x0000000510000000| Untracked 
|  33|0x0000000510800000, 0x0000000510800000, 0x0000000511000000|  0%| F|  |TAMS 0x0000000510800000, 0x0000000510800000| Untracked 
|  34|0x0000000511000000, 0x0000000511000000, 0x0000000511800000|  0%| F|  |TAMS 0x0000000511000000, 0x0000000511000000| Untracked 
|  35|0x0000000511800000, 0x0000000511800000, 0x0000000512000000|  0%| F|  |TAMS 0x0000000511800000, 0x0000000511800000| Untracked 
|  36|0x0000000512000000, 0x0000000512000000, 0x0000000512800000|  0%| F|  |TAMS 0x0000000512000000, 0x0000000512000000| Untracked 
|  37|0x0000000512800000, 0x0000000512800000, 0x0000000513000000|  0%| F|  |TAMS 0x0000000512800000, 0x0000000512800000| Untracked 
|  38|0x0000000513000000, 0x0000000513000000, 0x0000000513800000|  0%| F|  |TAMS 0x0000000513000000, 0x0000000513000000| Untracked 
|  39|0x0000000513800000, 0x0000000513800000, 0x0000000514000000|  0%| F|  |TAMS 0x0000000513800000, 0x0000000513800000| Untracked 
|  40|0x0000000514000000, 0x0000000514000000, 0x0000000514800000|  0%| F|  |TAMS 0x0000000514000000, 0x0000000514000000| Untracked 
|  41|0x0000000514800000, 0x0000000514800000, 0x0000000515000000|  0%| F|  |TAMS 0x0000000514800000, 0x0000000514800000| Untracked 
|  42|0x0000000515000000, 0x0000000515000000, 0x0000000515800000|  0%| F|  |TAMS 0x0000000515000000, 0x0000000515000000| Untracked 
|  43|0x0000000515800000, 0x0000000515800000, 0x0000000516000000|  0%| F|  |TAMS 0x0000000515800000, 0x0000000515800000| Untracked 
|  44|0x0000000516000000, 0x0000000516000000, 0x0000000516800000|  0%| F|  |TAMS 0x0000000516000000, 0x0000000516000000| Untracked 
|  45|0x0000000516800000, 0x0000000516800000, 0x0000000517000000|  0%| F|  |TAMS 0x0000000516800000, 0x0000000516800000| Untracked 
|  46|0x0000000517000000, 0x0000000517000000, 0x0000000517800000|  0%| F|  |TAMS 0x0000000517000000, 0x0000000517000000| Untracked 
|  47|0x0000000517800000, 0x0000000517800000, 0x0000000518000000|  0%| F|  |TAMS 0x0000000517800000, 0x0000000517800000| Untracked 
|  48|0x0000000518000000, 0x0000000518000000, 0x0000000518800000|  0%| F|  |TAMS 0x0000000518000000, 0x0000000518000000| Untracked 
|  49|0x0000000518800000, 0x0000000518800000, 0x0000000519000000|  0%| F|  |TAMS 0x0000000518800000, 0x0000000518800000| Untracked 
|  50|0x0000000519000000, 0x0000000519000000, 0x0000000519800000|  0%| F|  |TAMS 0x0000000519000000, 0x0000000519000000| Untracked 
|  51|0x0000000519800000, 0x0000000519800000, 0x000000051a000000|  0%| F|  |TAMS 0x0000000519800000, 0x0000000519800000| Untracked 
|  52|0x000000051a000000, 0x000000051a000000, 0x000000051a800000|  0%| F|  |TAMS 0x000000051a000000, 0x000000051a000000| Untracked 
|  53|0x000000051a800000, 0x000000051a800000, 0x000000051b000000|  0%| F|  |TAMS 0x000000051a800000, 0x000000051a800000| Untracked 
|  54|0x000000051b000000, 0x000000051b000000, 0x000000051b800000|  0%| F|  |TAMS 0x000000051b000000, 0x000000051b000000| Untracked 
|  55|0x000000051b800000, 0x000000051b800000, 0x000000051c000000|  0%| F|  |TAMS 0x000000051b800000, 0x000000051b800000| Untracked 
|  56|0x000000051c000000, 0x000000051c000000, 0x000000051c800000|  0%| F|  |TAMS 0x000000051c000000, 0x000000051c000000| Untracked 
|  57|0x000000051c800000, 0x000000051c800000, 0x000000051d000000|  0%| F|  |TAMS 0x000000051c800000, 0x000000051c800000| Untracked 
|  58|0x000000051d000000, 0x000000051d000000, 0x000000051d800000|  0%| F|  |TAMS 0x000000051d000000, 0x000000051d000000| Untracked 
|  59|0x000000051d800000, 0x000000051d800000, 0x000000051e000000|  0%| F|  |TAMS 0x000000051d800000, 0x000000051d800000| Untracked 
|  60|0x000000051e000000, 0x000000051e000000, 0x000000051e800000|  0%| F|  |TAMS 0x000000051e000000, 0x000000051e000000| Untracked 
|  61|0x000000051e800000, 0x000000051e800000, 0x000000051f000000|  0%| F|  |TAMS 0x000000051e800000, 0x000000051e800000| Untracked 
|  62|0x000000051f000000, 0x000000051f000000, 0x000000051f800000|  0%| F|  |TAMS 0x000000051f000000, 0x000000051f000000| Untracked 
|  63|0x000000051f800000, 0x000000051f800000, 0x0000000520000000|  0%| F|  |TAMS 0x000000051f800000, 0x000000051f800000| Untracked 
|  64|0x0000000520000000, 0x0000000520000000, 0x0000000520800000|  0%| F|  |TAMS 0x0000000520000000, 0x0000000520000000| Untracked 
|  65|0x0000000520800000, 0x0000000520800000, 0x0000000521000000|  0%| F|  |TAMS 0x0000000520800000, 0x0000000520800000| Untracked 
|  66|0x0000000521000000, 0x0000000521000000, 0x0000000521800000|  0%| F|  |TAMS 0x0000000521000000, 0x0000000521000000| Untracked 
|  67|0x0000000521800000, 0x0000000521800000, 0x0000000522000000|  0%| F|  |TAMS 0x0000000521800000, 0x0000000521800000| Untracked 
|  68|0x0000000522000000, 0x0000000522015238, 0x0000000522800000|  1%| S|CS|TAMS 0x0000000522000000, 0x0000000522000000| Complete 
|  69|0x0000000522800000, 0x0000000522800000, 0x0000000523000000|  0%| F|  |TAMS 0x0000000522800000, 0x0000000522800000| Untracked 
|  70|0x0000000523000000, 0x0000000523000000, 0x0000000523800000|  0%| F|  |TAMS 0x0000000523000000, 0x0000000523000000| Untracked 
|  71|0x0000000523800000, 0x0000000523800000, 0x0000000524000000|  0%| F|  |TAMS 0x0000000523800000, 0x0000000523800000| Untracked 
|  72|0x0000000524000000, 0x0000000524000000, 0x0000000524800000|  0%| F|  |TAMS 0x0000000524000000, 0x0000000524000000| Untracked 
|  73|0x0000000524800000, 0x0000000524800000, 0x0000000525000000|  0%| F|  |TAMS 0x0000000524800000, 0x0000000524800000| Untracked 
|  74|0x0000000525000000, 0x0000000525000000, 0x0000000525800000|  0%| F|  |TAMS 0x0000000525000000, 0x0000000525000000| Untracked 
|  75|0x0000000525800000, 0x0000000525800000, 0x0000000526000000|  0%| F|  |TAMS 0x0000000525800000, 0x0000000525800000| Untracked 
|  76|0x0000000526000000, 0x0000000526000000, 0x0000000526800000|  0%| F|  |TAMS 0x0000000526000000, 0x0000000526000000| Untracked 
|  77|0x0000000526800000, 0x0000000526800000, 0x0000000527000000|  0%| F|  |TAMS 0x0000000526800000, 0x0000000526800000| Untracked 
|  78|0x0000000527000000, 0x0000000527000000, 0x0000000527800000|  0%| F|  |TAMS 0x0000000527000000, 0x0000000527000000| Untracked 
|  79|0x0000000527800000, 0x0000000527800000, 0x0000000528000000|  0%| F|  |TAMS 0x0000000527800000, 0x0000000527800000| Untracked 
|  80|0x0000000528000000, 0x0000000528000000, 0x0000000528800000|  0%| F|  |TAMS 0x0000000528000000, 0x0000000528000000| Untracked 
|  81|0x0000000528800000, 0x0000000528800000, 0x0000000529000000|  0%| F|  |TAMS 0x0000000528800000, 0x0000000528800000| Untracked 
|  82|0x0000000529000000, 0x0000000529000000, 0x0000000529800000|  0%| F|  |TAMS 0x0000000529000000, 0x0000000529000000| Untracked 
|  83|0x0000000529800000, 0x0000000529800000, 0x000000052a000000|  0%| F|  |TAMS 0x0000000529800000, 0x0000000529800000| Untracked 
|  84|0x000000052a000000, 0x000000052a000000, 0x000000052a800000|  0%| F|  |TAMS 0x000000052a000000, 0x000000052a000000| Untracked 
|  85|0x000000052a800000, 0x000000052a800000, 0x000000052b000000|  0%| F|  |TAMS 0x000000052a800000, 0x000000052a800000| Untracked 
|  86|0x000000052b000000, 0x000000052b000000, 0x000000052b800000|  0%| F|  |TAMS 0x000000052b000000, 0x000000052b000000| Untracked 
|  87|0x000000052b800000, 0x000000052b800000, 0x000000052c000000|  0%| F|  |TAMS 0x000000052b800000, 0x000000052b800000| Untracked 
|  88|0x000000052c000000, 0x000000052c69f430, 0x000000052c800000| 82%| E|  |TAMS 0x000000052c000000, 0x000000052c000000| Complete 
|  89|0x000000052c800000, 0x000000052d000000, 0x000000052d000000|100%| E|CS|TAMS 0x000000052c800000, 0x000000052c800000| Complete 
|  90|0x000000052d000000, 0x000000052d800000, 0x000000052d800000|100%| E|CS|TAMS 0x000000052d000000, 0x000000052d000000| Complete 
|  91|0x000000052d800000, 0x000000052e000000, 0x000000052e000000|100%| E|CS|TAMS 0x000000052d800000, 0x000000052d800000| Complete 
|  92|0x000000052e000000, 0x000000052e800000, 0x000000052e800000|100%| E|CS|TAMS 0x000000052e000000, 0x000000052e000000| Complete 
|  93|0x000000052e800000, 0x000000052f000000, 0x000000052f000000|100%| E|CS|TAMS 0x000000052e800000, 0x000000052e800000| Complete 
|  94|0x000000052f000000, 0x000000052f800000, 0x000000052f800000|100%| E|CS|TAMS 0x000000052f000000, 0x000000052f000000| Complete 
|  95|0x000000052f800000, 0x0000000530000000, 0x0000000530000000|100%| E|CS|TAMS 0x000000052f800000, 0x000000052f800000| Complete 
|  96|0x0000000530000000, 0x0000000530800000, 0x0000000530800000|100%| E|CS|TAMS 0x0000000530000000, 0x0000000530000000| Complete 
|  97|0x0000000530800000, 0x0000000531000000, 0x0000000531000000|100%| E|CS|TAMS 0x0000000530800000, 0x0000000530800000| Complete 
|  98|0x0000000531000000, 0x0000000531800000, 0x0000000531800000|100%| E|CS|TAMS 0x0000000531000000, 0x0000000531000000| Complete 
|  99|0x0000000531800000, 0x0000000532000000, 0x0000000532000000|100%| E|CS|TAMS 0x0000000531800000, 0x0000000531800000| Complete 
| 100|0x0000000532000000, 0x0000000532800000, 0x0000000532800000|100%| E|CS|TAMS 0x0000000532000000, 0x0000000532000000| Complete 
| 101|0x0000000532800000, 0x0000000533000000, 0x0000000533000000|100%| E|CS|TAMS 0x0000000532800000, 0x0000000532800000| Complete 
| 102|0x0000000533000000, 0x0000000533800000, 0x0000000533800000|100%| E|CS|TAMS 0x0000000533000000, 0x0000000533000000| Complete 
| 103|0x0000000533800000, 0x0000000534000000, 0x0000000534000000|100%| E|CS|TAMS 0x0000000533800000, 0x0000000533800000| Complete 
| 104|0x0000000534000000, 0x0000000534800000, 0x0000000534800000|100%| E|CS|TAMS 0x0000000534000000, 0x0000000534000000| Complete 
| 105|0x0000000534800000, 0x0000000535000000, 0x0000000535000000|100%| E|CS|TAMS 0x0000000534800000, 0x0000000534800000| Complete 
| 106|0x0000000535000000, 0x0000000535800000, 0x0000000535800000|100%| E|CS|TAMS 0x0000000535000000, 0x0000000535000000| Complete 
| 107|0x0000000535800000, 0x0000000536000000, 0x0000000536000000|100%| E|CS|TAMS 0x0000000535800000, 0x0000000535800000| Complete 
| 108|0x0000000536000000, 0x0000000536800000, 0x0000000536800000|100%| E|CS|TAMS 0x0000000536000000, 0x0000000536000000| Complete 
| 109|0x0000000536800000, 0x0000000537000000, 0x0000000537000000|100%| E|CS|TAMS 0x0000000536800000, 0x0000000536800000| Complete 
| 110|0x0000000537000000, 0x0000000537800000, 0x0000000537800000|100%| E|CS|TAMS 0x0000000537000000, 0x0000000537000000| Complete 
| 111|0x0000000537800000, 0x0000000538000000, 0x0000000538000000|100%| E|CS|TAMS 0x0000000537800000, 0x0000000537800000| Complete 
| 112|0x0000000538000000, 0x0000000538800000, 0x0000000538800000|100%| E|CS|TAMS 0x0000000538000000, 0x0000000538000000| Complete 
| 113|0x0000000538800000, 0x0000000539000000, 0x0000000539000000|100%| E|CS|TAMS 0x0000000538800000, 0x0000000538800000| Complete 
| 114|0x0000000539000000, 0x0000000539800000, 0x0000000539800000|100%| E|CS|TAMS 0x0000000539000000, 0x0000000539000000| Complete 
| 115|0x0000000539800000, 0x000000053a000000, 0x000000053a000000|100%| E|CS|TAMS 0x0000000539800000, 0x0000000539800000| Complete 
| 116|0x000000053a000000, 0x000000053a800000, 0x000000053a800000|100%| E|CS|TAMS 0x000000053a000000, 0x000000053a000000| Complete 
| 117|0x000000053a800000, 0x000000053b000000, 0x000000053b000000|100%| E|CS|TAMS 0x000000053a800000, 0x000000053a800000| Complete 
| 118|0x000000053b000000, 0x000000053b800000, 0x000000053b800000|100%| E|CS|TAMS 0x000000053b000000, 0x000000053b000000| Complete 
| 119|0x000000053b800000, 0x000000053c000000, 0x000000053c000000|100%| E|CS|TAMS 0x000000053b800000, 0x000000053b800000| Complete 
| 120|0x000000053c000000, 0x000000053c800000, 0x000000053c800000|100%| E|CS|TAMS 0x000000053c000000, 0x000000053c000000| Complete 
| 121|0x000000053c800000, 0x000000053d000000, 0x000000053d000000|100%| E|CS|TAMS 0x000000053c800000, 0x000000053c800000| Complete 
| 122|0x000000053d000000, 0x000000053d800000, 0x000000053d800000|100%| E|CS|TAMS 0x000000053d000000, 0x000000053d000000| Complete 
| 123|0x000000053d800000, 0x000000053e000000, 0x000000053e000000|100%| E|CS|TAMS 0x000000053d800000, 0x000000053d800000| Complete 
| 124|0x000000053e000000, 0x000000053e800000, 0x000000053e800000|100%| E|CS|TAMS 0x000000053e000000, 0x000000053e000000| Complete 
| 125|0x000000053e800000, 0x000000053f000000, 0x000000053f000000|100%| E|CS|TAMS 0x000000053e800000, 0x000000053e800000| Complete 
| 126|0x000000053f000000, 0x000000053f800000, 0x000000053f800000|100%| E|CS|TAMS 0x000000053f000000, 0x000000053f000000| Complete 
| 127|0x000000053f800000, 0x0000000540000000, 0x0000000540000000|100%| E|CS|TAMS 0x000000053f800000, 0x000000053f800000| Complete 
| 128|0x0000000540000000, 0x0000000540800000, 0x0000000540800000|100%| E|CS|TAMS 0x0000000540000000, 0x0000000540000000| Complete 
| 129|0x0000000540800000, 0x0000000541000000, 0x0000000541000000|100%| E|CS|TAMS 0x0000000540800000, 0x0000000540800000| Complete 
| 130|0x0000000541000000, 0x0000000541800000, 0x0000000541800000|100%| E|CS|TAMS 0x0000000541000000, 0x0000000541000000| Complete 
| 131|0x0000000541800000, 0x0000000542000000, 0x0000000542000000|100%| E|CS|TAMS 0x0000000541800000, 0x0000000541800000| Complete 
| 132|0x0000000542000000, 0x0000000542800000, 0x0000000542800000|100%| E|CS|TAMS 0x0000000542000000, 0x0000000542000000| Complete 
| 133|0x0000000542800000, 0x0000000543000000, 0x0000000543000000|100%| E|CS|TAMS 0x0000000542800000, 0x0000000542800000| Complete 
| 134|0x0000000543000000, 0x0000000543800000, 0x0000000543800000|100%| E|CS|TAMS 0x0000000543000000, 0x0000000543000000| Complete 
| 135|0x0000000543800000, 0x0000000544000000, 0x0000000544000000|100%| E|CS|TAMS 0x0000000543800000, 0x0000000543800000| Complete 
| 136|0x0000000544000000, 0x0000000544800000, 0x0000000544800000|100%| E|CS|TAMS 0x0000000544000000, 0x0000000544000000| Complete 
| 137|0x0000000544800000, 0x0000000545000000, 0x0000000545000000|100%| E|CS|TAMS 0x0000000544800000, 0x0000000544800000| Complete 
| 138|0x0000000545000000, 0x0000000545800000, 0x0000000545800000|100%| E|CS|TAMS 0x0000000545000000, 0x0000000545000000| Complete 
| 139|0x0000000545800000, 0x0000000546000000, 0x0000000546000000|100%| E|CS|TAMS 0x0000000545800000, 0x0000000545800000| Complete 
| 140|0x0000000546000000, 0x0000000546800000, 0x0000000546800000|100%| E|CS|TAMS 0x0000000546000000, 0x0000000546000000| Complete 
| 141|0x0000000546800000, 0x0000000547000000, 0x0000000547000000|100%| E|CS|TAMS 0x0000000546800000, 0x0000000546800000| Complete 
| 142|0x0000000547000000, 0x0000000547800000, 0x0000000547800000|100%| E|CS|TAMS 0x0000000547000000, 0x0000000547000000| Complete 
| 143|0x0000000547800000, 0x0000000548000000, 0x0000000548000000|100%| E|CS|TAMS 0x0000000547800000, 0x0000000547800000| Complete 
| 144|0x0000000548000000, 0x0000000548800000, 0x0000000548800000|100%| E|CS|TAMS 0x0000000548000000, 0x0000000548000000| Complete 
| 145|0x0000000548800000, 0x0000000549000000, 0x0000000549000000|100%| E|CS|TAMS 0x0000000548800000, 0x0000000548800000| Complete 
| 146|0x0000000549000000, 0x0000000549800000, 0x0000000549800000|100%| E|CS|TAMS 0x0000000549000000, 0x0000000549000000| Complete 
| 147|0x0000000549800000, 0x000000054a000000, 0x000000054a000000|100%| E|CS|TAMS 0x0000000549800000, 0x0000000549800000| Complete 
| 148|0x000000054a000000, 0x000000054a800000, 0x000000054a800000|100%| E|CS|TAMS 0x000000054a000000, 0x000000054a000000| Complete 
| 149|0x000000054a800000, 0x000000054b000000, 0x000000054b000000|100%| E|CS|TAMS 0x000000054a800000, 0x000000054a800000| Complete 
| 150|0x000000054b000000, 0x000000054b800000, 0x000000054b800000|100%| E|CS|TAMS 0x000000054b000000, 0x000000054b000000| Complete 
| 151|0x000000054b800000, 0x000000054c000000, 0x000000054c000000|100%| E|CS|TAMS 0x000000054b800000, 0x000000054b800000| Complete 
| 152|0x000000054c000000, 0x000000054c800000, 0x000000054c800000|100%| E|CS|TAMS 0x000000054c000000, 0x000000054c000000| Complete 
| 153|0x000000054c800000, 0x000000054d000000, 0x000000054d000000|100%| E|CS|TAMS 0x000000054c800000, 0x000000054c800000| Complete 
| 154|0x000000054d000000, 0x000000054d800000, 0x000000054d800000|100%| E|CS|TAMS 0x000000054d000000, 0x000000054d000000| Complete 
| 155|0x000000054d800000, 0x000000054e000000, 0x000000054e000000|100%| E|CS|TAMS 0x000000054d800000, 0x000000054d800000| Complete 
| 156|0x000000054e000000, 0x000000054e800000, 0x000000054e800000|100%| E|CS|TAMS 0x000000054e000000, 0x000000054e000000| Complete 
| 157|0x000000054e800000, 0x000000054f000000, 0x000000054f000000|100%| E|CS|TAMS 0x000000054e800000, 0x000000054e800000| Complete 
| 158|0x000000054f000000, 0x000000054f800000, 0x000000054f800000|100%| E|CS|TAMS 0x000000054f000000, 0x000000054f000000| Complete 
| 159|0x000000054f800000, 0x0000000550000000, 0x0000000550000000|100%| E|CS|TAMS 0x000000054f800000, 0x000000054f800000| Complete 
| 160|0x0000000550000000, 0x0000000550800000, 0x0000000550800000|100%| E|CS|TAMS 0x0000000550000000, 0x0000000550000000| Complete 
| 161|0x0000000550800000, 0x0000000551000000, 0x0000000551000000|100%| E|CS|TAMS 0x0000000550800000, 0x0000000550800000| Complete 
| 162|0x0000000551000000, 0x0000000551800000, 0x0000000551800000|100%| E|CS|TAMS 0x0000000551000000, 0x0000000551000000| Complete 
| 163|0x0000000551800000, 0x0000000552000000, 0x0000000552000000|100%| E|CS|TAMS 0x0000000551800000, 0x0000000551800000| Complete 
| 164|0x0000000552000000, 0x0000000552800000, 0x0000000552800000|100%| E|CS|TAMS 0x0000000552000000, 0x0000000552000000| Complete 
| 165|0x0000000552800000, 0x0000000553000000, 0x0000000553000000|100%| E|CS|TAMS 0x0000000552800000, 0x0000000552800000| Complete 
| 166|0x0000000553000000, 0x0000000553800000, 0x0000000553800000|100%| E|CS|TAMS 0x0000000553000000, 0x0000000553000000| Complete 
| 167|0x0000000553800000, 0x0000000554000000, 0x0000000554000000|100%| E|CS|TAMS 0x0000000553800000, 0x0000000553800000| Complete 

Card table byte_map: [0x0000018990800000,0x0000018992000000] _byte_map_base: 0x000001898e000000

Marking Bits (Prev, Next): (CMBitMap*) 0x00000189f6af10c0, (CMBitMap*) 0x00000189f6af1100
 Prev Bits: [0x0000018993800000, 0x000001899f800000)
 Next Bits: [0x000001899f800000, 0x00000189ab800000)

Polling page: 0x00000189f4640000

Metaspace:

Usage:
  Non-class:     18.32 MB used.
      Class:      2.11 MB used.
       Both:     20.43 MB used.

Virtual space:
  Non-class space:       24.00 MB reserved,      18.50 MB ( 77%) committed,  3 nodes.
      Class space:        1.00 GB reserved,       2.25 MB ( <1%) committed,  1 nodes.
             Both:        1.02 GB reserved,      20.75 MB (  2%) committed. 

Chunk freelists:
   Non-Class:  688.00 KB
       Class:  1.70 MB
        Both:  2.37 MB

MaxMetaspaceSize: unlimited
CompressedClassSpaceSize: 1.00 GB
Initial GC threshold: 21.00 MB
Current GC threshold: 21.00 MB
CDS: on
MetaspaceReclaimPolicy: balanced
 - commit_granule_bytes: 65536.
 - commit_granule_words: 8192.
 - virtual_space_node_default_size: 1048576.
 - enlarge_chunks_in_place: 1.
 - new_chunks_are_fully_committed: 0.
 - uncommit_free_chunks: 1.
 - use_allocation_guard: 0.
 - handle_deallocations: 1.


Internal statistics:

num_allocs_failed_limit: 0.
num_arena_births: 226.
num_arena_deaths: 0.
num_vsnodes_births: 4.
num_vsnodes_deaths: 0.
num_space_committed: 332.
num_space_uncommitted: 0.
num_chunks_returned_to_freelist: 0.
num_chunks_taken_from_freelist: 507.
num_chunk_merges: 0.
num_chunk_splits: 305.
num_chunks_enlarged: 172.
num_purges: 0.
num_inconsistent_stats: 0.

CodeHeap 'non-profiled nmethods': size=119168Kb used=4618Kb max_used=4618Kb free=114549Kb
 bounds [0x0000018987ba0000, 0x0000018988030000, 0x000001898f000000]
CodeHeap 'profiled nmethods': size=119104Kb used=10092Kb max_used=10092Kb free=109011Kb
 bounds [0x0000018980750000, 0x0000018981130000, 0x0000018987ba0000]
CodeHeap 'non-nmethods': size=7488Kb used=1924Kb max_used=3213Kb free=5564Kb
 bounds [0x0000018980000000, 0x0000018980330000, 0x0000018980750000]
 total_blobs=5883 nmethods=5180 adapters=613
 compilation: enabled
              stopped_count=0, restarted_count=0
 full_count=0

Compilation events (20 events):
Event: 52.421 Thread 0x00000189adaca700 nmethod 6143 0x0000018981126e10 code [0x0000018981126fc0, 0x00000189811271d8]
Event: 52.422 Thread 0x00000189adaca700 6144       3       cartago.ArtifactId::equals (91 bytes)
Event: 52.423 Thread 0x00000189bb87b3b0 nmethod 6148 0x0000018981127390 code [0x00000189811275c0, 0x0000018981128128]
Event: 52.423 Thread 0x00000189bb87b3b0 6149   !   3       java.util.logging.LogManager$LoggerContext::findLogger (113 bytes)
Event: 52.423 Thread 0x00000189adaca700 nmethod 6144 0x0000018981128490 code [0x0000018981128700, 0x0000018981129278]
Event: 52.423 Thread 0x00000189adaca700 6150       3       java.util.logging.LogManager::checkPermission (16 bytes)
Event: 52.423 Thread 0x00000189adaca700 nmethod 6150 0x0000018981129590 code [0x0000018981129740, 0x0000018981129a48]
Event: 52.423 Thread 0x00000189adaca700 6146       3       jdk.internal.misc.VM::isModuleSystemInited (13 bytes)
Event: 52.423 Thread 0x00000189adaca700 nmethod 6146 0x0000018981129b90 code [0x0000018981129d20, 0x0000018981129ed8]
Event: 52.423 Thread 0x00000189adaca700 6147       3       java.nio.ByteBuffer::array (35 bytes)
Event: 52.424 Thread 0x00000189adaca700 nmethod 6147 0x0000018981129f90 code [0x000001898112a160, 0x000001898112a438]
Event: 52.424 Thread 0x00000189adaca700 6151       3       java.util.Locale::equals (75 bytes)
Event: 52.424 Thread 0x00000189adac6850 6152       4       java.util.PriorityQueue::offer (58 bytes)
Event: 52.424 Thread 0x00000189bb87b3b0 nmethod 6149 0x000001898112a590 code [0x000001898112a840, 0x000001898112b788]
Event: 52.424 Thread 0x00000189bb87b3b0 6142       1       cartago.ArtifactId::getName (5 bytes)
Event: 52.424 Thread 0x00000189adaca700 nmethod 6151 0x000001898112bd10 code [0x000001898112bf20, 0x000001898112c6b8]
Event: 52.424 Thread 0x00000189adaca700 6145       1       cartago.CartagoLoggerManager::isLogging (5 bytes)
Event: 52.424 Thread 0x00000189bb87b3b0 nmethod 6142 0x0000018988020990 code [0x0000018988020b20, 0x0000018988020bf8]
Event: 52.424 Thread 0x00000189adaca700 nmethod 6145 0x0000018988020c90 code [0x0000018988020e20, 0x0000018988020ef8]
Event: 52.470 Thread 0x00000189adac6850 nmethod 6152 0x0000018988020f90 code [0x00000189880211c0, 0x0000018988021fd0]

GC Heap History (20 events):
Event: 48.455 GC heap before
{Heap before GC invocations=111 (full 0):
 garbage-first heap   total 1376256K, used 830151K [0x0000000500000000, 0x0000000800000000)
  region size 8192K, 100 young (819200K), 1 survivors (8192K)
 Metaspace       used 20861K, committed 21120K, reserved 1073152K
  class space    used 2150K, committed 2304K, reserved 1048576K
}
Event: 48.457 GC heap after
{Heap after GC invocations=112 (full 0):
 garbage-first heap   total 1376256K, used 19171K [0x0000000500000000, 0x0000000800000000)
  region size 8192K, 1 young (8192K), 1 survivors (8192K)
 Metaspace       used 20861K, committed 21120K, reserved 1073152K
  class space    used 2150K, committed 2304K, reserved 1048576K
}
Event: 48.865 GC heap before
{Heap before GC invocations=112 (full 0):
 garbage-first heap   total 1376256K, used 830179K [0x0000000500000000, 0x0000000800000000)
  region size 8192K, 100 young (819200K), 1 survivors (8192K)
 Metaspace       used 20861K, committed 21120K, reserved 1073152K
  class space    used 2150K, committed 2304K, reserved 1048576K
}
Event: 48.869 GC heap after
{Heap after GC invocations=113 (full 0):
 garbage-first heap   total 1376256K, used 19179K [0x0000000500000000, 0x0000000800000000)
  region size 8192K, 1 young (8192K), 1 survivors (8192K)
 Metaspace       used 20861K, committed 21120K, reserved 1073152K
  class space    used 2150K, committed 2304K, reserved 1048576K
}
Event: 49.272 GC heap before
{Heap before GC invocations=113 (full 0):
 garbage-first heap   total 1376256K, used 830187K [0x0000000500000000, 0x0000000800000000)
  region size 8192K, 100 young (819200K), 1 survivors (8192K)
 Metaspace       used 20861K, committed 21120K, reserved 1073152K
  class space    used 2150K, committed 2304K, reserved 1048576K
}
Event: 49.274 GC heap after
{Heap after GC invocations=114 (full 0):
 garbage-first heap   total 1376256K, used 19205K [0x0000000500000000, 0x0000000800000000)
  region size 8192K, 1 young (8192K), 1 survivors (8192K)
 Metaspace       used 20861K, committed 21120K, reserved 1073152K
  class space    used 2150K, committed 2304K, reserved 1048576K
}
Event: 49.658 GC heap before
{Heap before GC invocations=114 (full 0):
 garbage-first heap   total 1376256K, used 830213K [0x0000000500000000, 0x0000000800000000)
  region size 8192K, 100 young (819200K), 1 survivors (8192K)
 Metaspace       used 20861K, committed 21120K, reserved 1073152K
  class space    used 2150K, committed 2304K, reserved 1048576K
}
Event: 49.660 GC heap after
{Heap after GC invocations=115 (full 0):
 garbage-first heap   total 1376256K, used 19217K [0x0000000500000000, 0x0000000800000000)
  region size 8192K, 1 young (8192K), 1 survivors (8192K)
 Metaspace       used 20861K, committed 21120K, reserved 1073152K
  class space    used 2150K, committed 2304K, reserved 1048576K
}
Event: 50.053 GC heap before
{Heap before GC invocations=115 (full 0):
 garbage-first heap   total 1376256K, used 830225K [0x0000000500000000, 0x0000000800000000)
  region size 8192K, 100 young (819200K), 1 survivors (8192K)
 Metaspace       used 20861K, committed 21120K, reserved 1073152K
  class space    used 2150K, committed 2304K, reserved 1048576K
}
Event: 50.055 GC heap after
{Heap after GC invocations=116 (full 0):
 garbage-first heap   total 1376256K, used 19228K [0x0000000500000000, 0x0000000800000000)
  region size 8192K, 1 young (8192K), 1 survivors (8192K)
 Metaspace       used 20861K, committed 21120K, reserved 1073152K
  class space    used 2150K, committed 2304K, reserved 1048576K
}
Event: 50.467 GC heap before
{Heap before GC invocations=116 (full 0):
 garbage-first heap   total 1376256K, used 830236K [0x0000000500000000, 0x0000000800000000)
  region size 8192K, 100 young (819200K), 1 survivors (8192K)
 Metaspace       used 20861K, committed 21120K, reserved 1073152K
  class space    used 2150K, committed 2304K, reserved 1048576K
}
Event: 50.470 GC heap after
{Heap after GC invocations=117 (full 0):
 garbage-first heap   total 1376256K, used 19250K [0x0000000500000000, 0x0000000800000000)
  region size 8192K, 1 young (8192K), 1 survivors (8192K)
 Metaspace       used 20861K, committed 21120K, reserved 1073152K
  class space    used 2150K, committed 2304K, reserved 1048576K
}
Event: 50.886 GC heap before
{Heap before GC invocations=117 (full 0):
 garbage-first heap   total 1376256K, used 830258K [0x0000000500000000, 0x0000000800000000)
  region size 8192K, 100 young (819200K), 1 survivors (8192K)
 Metaspace       used 20861K, committed 21120K, reserved 1073152K
  class space    used 2150K, committed 2304K, reserved 1048576K
}
Event: 50.888 GC heap after
{Heap after GC invocations=118 (full 0):
 garbage-first heap   total 1376256K, used 19275K [0x0000000500000000, 0x0000000800000000)
  region size 8192K, 1 young (8192K), 1 survivors (8192K)
 Metaspace       used 20861K, committed 21120K, reserved 1073152K
  class space    used 2150K, committed 2304K, reserved 1048576K
}
Event: 51.315 GC heap before
{Heap before GC invocations=118 (full 0):
 garbage-first heap   total 1376256K, used 830283K [0x0000000500000000, 0x0000000800000000)
  region size 8192K, 100 young (819200K), 1 survivors (8192K)
 Metaspace       used 20861K, committed 21120K, reserved 1073152K
  class space    used 2150K, committed 2304K, reserved 1048576K
}
Event: 51.318 GC heap after
{Heap after GC invocations=119 (full 0):
 garbage-first heap   total 1376256K, used 19295K [0x0000000500000000, 0x0000000800000000)
  region size 8192K, 1 young (8192K), 1 survivors (8192K)
 Metaspace       used 20861K, committed 21120K, reserved 1073152K
  class space    used 2150K, committed 2304K, reserved 1048576K
}
Event: 51.717 GC heap before
{Heap before GC invocations=119 (full 0):
 garbage-first heap   total 1376256K, used 830303K [0x0000000500000000, 0x0000000800000000)
  region size 8192K, 100 young (819200K), 1 survivors (8192K)
 Metaspace       used 20862K, committed 21120K, reserved 1073152K
  class space    used 2150K, committed 2304K, reserved 1048576K
}
Event: 51.719 GC heap after
{Heap after GC invocations=120 (full 0):
 garbage-first heap   total 1376256K, used 19316K [0x0000000500000000, 0x0000000800000000)
  region size 8192K, 1 young (8192K), 1 survivors (8192K)
 Metaspace       used 20862K, committed 21120K, reserved 1073152K
  class space    used 2150K, committed 2304K, reserved 1048576K
}
Event: 52.121 GC heap before
{Heap before GC invocations=120 (full 0):
 garbage-first heap   total 1376256K, used 830324K [0x0000000500000000, 0x0000000800000000)
  region size 8192K, 100 young (819200K), 1 survivors (8192K)
 Metaspace       used 20863K, committed 21120K, reserved 1073152K
  class space    used 2150K, committed 2304K, reserved 1048576K
}
Event: 52.123 GC heap after
{Heap after GC invocations=121 (full 0):
 garbage-first heap   total 1376256K, used 19326K [0x0000000500000000, 0x0000000800000000)
  region size 8192K, 1 young (8192K), 1 survivors (8192K)
 Metaspace       used 20863K, committed 21120K, reserved 1073152K
  class space    used 2150K, committed 2304K, reserved 1048576K
}

Deoptimization events (20 events):
Event: 52.415 Thread 0x00000189b5f7d740 Uncommon trap: reason=unstable_if action=reinterpret pc=0x0000018987cdd194 method=java.lang.Thread.interrupted()Z @ 10 c2
Event: 52.415 Thread 0x00000189b5f7e5b0 DEOPT UNPACKING pc=0x00000189800523a3 sp=0x000000469875ece0 mode 2
Event: 52.415 Thread 0x00000189b5f7dc10 Uncommon trap: reason=unstable_if action=reinterpret pc=0x0000018987cdd194 method=java.lang.Thread.interrupted()Z @ 10 c2
Event: 52.416 Thread 0x00000189b5f79f30 DEOPT PACKING pc=0x0000018987cdd194 sp=0x000000469835ee70
Event: 52.416 Thread 0x00000189b5f79f30 DEOPT UNPACKING pc=0x00000189800523a3 sp=0x000000469835ed90 mode 2
Event: 52.416 Thread 0x00000189b5f7e0e0 Uncommon trap: reason=unstable_if action=reinterpret pc=0x0000018987cdd194 method=java.lang.Thread.interrupted()Z @ 10 c2
Event: 52.416 Thread 0x00000189b5f7d740 DEOPT PACKING pc=0x0000018987cdd194 sp=0x000000469845f2b0
Event: 52.416 Thread 0x00000189b5f7dc10 DEOPT PACKING pc=0x0000018987cdd194 sp=0x000000469855f2c0
Event: 52.416 Thread 0x00000189b5f7dc10 DEOPT UNPACKING pc=0x00000189800523a3 sp=0x000000469855f1e0 mode 2
Event: 52.416 Thread 0x00000189b5f7d740 DEOPT UNPACKING pc=0x00000189800523a3 sp=0x000000469845f1d0 mode 2
Event: 52.416 Thread 0x00000189b5f7e0e0 DEOPT PACKING pc=0x0000018987cdd194 sp=0x000000469865f3f0
Event: 52.416 Thread 0x00000189b5f7e0e0 DEOPT UNPACKING pc=0x00000189800523a3 sp=0x000000469865f310 mode 2
Event: 52.418 Thread 0x00000189bc60b440 Uncommon trap: trap_request=0xffffff45 fr.pc=0x000001898801bd60 relative=0x0000000000000060
Event: 52.418 Thread 0x00000189bc60b440 Uncommon trap: reason=unstable_if action=reinterpret pc=0x000001898801bd60 method=java.util.IdentityHashMap.keySet()Ljava/util/Set; @ 6 c2
Event: 52.418 Thread 0x00000189bc60b440 DEOPT PACKING pc=0x000001898801bd60 sp=0x00000046972fed40
Event: 52.418 Thread 0x00000189bc60b440 DEOPT UNPACKING pc=0x00000189800523a3 sp=0x00000046972fecd8 mode 2
Event: 52.418 Thread 0x00000189b5f7e5b0 Uncommon trap: trap_request=0xffffff45 fr.pc=0x0000018987f52e34 relative=0x00000000000008d4
Event: 52.418 Thread 0x00000189b5f7e5b0 Uncommon trap: reason=unstable_if action=reinterpret pc=0x0000018987f52e34 method=java.util.HashMap.removeNode(ILjava/lang/Object;Ljava/lang/Object;ZZ)Ljava/util/HashMap$Node; @ 121 c2
Event: 52.418 Thread 0x00000189b5f7e5b0 DEOPT PACKING pc=0x0000018987f52e34 sp=0x000000469875e1c0
Event: 52.418 Thread 0x00000189b5f7e5b0 DEOPT UNPACKING pc=0x00000189800523a3 sp=0x000000469875e148 mode 2

Classes unloaded (0 events):
No events

Classes redefined (0 events):
No events

Internal exceptions (20 events):
Event: 42.867 Thread 0x00000189b5f8c7b0 Exception <a 'java/lang/NullPointerException'{0x0000000545b6bd10}> (0x0000000545b6bd10) 
thrown [t:\workspace\open\src\hotspot\share\runtime\sharedRuntime.cpp, line 628]
Event: 42.886 Thread 0x00000189b5f8e960 Implicit null exception at 0x0000018980c2ce9e to 0x0000018980c2f3ea
Event: 42.886 Thread 0x00000189b5f8e960 Exception <a 'java/lang/NullPointerException'{0x000000054a8bfba8}> (0x000000054a8bfba8) 
thrown [t:\workspace\open\src\hotspot\share\runtime\sharedRuntime.cpp, line 628]
Event: 43.005 Thread 0x00000189b5f8e960 Implicit null exception at 0x0000018980c2ce9e to 0x0000018980c2f3ea
Event: 43.006 Thread 0x00000189b5f8e960 Exception <a 'java/lang/NullPointerException'{0x000000054a8c3d20}> (0x000000054a8c3d20) 
thrown [t:\workspace\open\src\hotspot\share\runtime\sharedRuntime.cpp, line 628]
Event: 43.007 Thread 0x00000189b5f8e960 Implicit null exception at 0x0000018980c2ce9e to 0x0000018980c2f3ea
Event: 43.007 Thread 0x00000189b5f8e960 Exception <a 'java/lang/NullPointerException'{0x000000054a8ca0e0}> (0x000000054a8ca0e0) 
thrown [t:\workspace\open\src\hotspot\share\runtime\sharedRuntime.cpp, line 628]
Event: 44.154 Thread 0x00000189b5f8e490 Implicit null exception at 0x0000018980c2ce9e to 0x0000018980c2f3ea
Event: 44.154 Thread 0x00000189b5f8e490 Exception <a 'java/lang/NullPointerException'{0x0000000525553058}> (0x0000000525553058) 
thrown [t:\workspace\open\src\hotspot\share\runtime\sharedRuntime.cpp, line 628]
Event: 45.500 Thread 0x00000189b5f8c7b0 Implicit null exception at 0x0000018980c2ce9e to 0x0000018980c2f3ea
Event: 45.500 Thread 0x00000189b5f8c7b0 Exception <a 'java/lang/NullPointerException'{0x000000054dbd29c8}> (0x000000054dbd29c8) 
thrown [t:\workspace\open\src\hotspot\share\runtime\sharedRuntime.cpp, line 628]
Event: 45.501 Thread 0x00000189b5f8c7b0 Implicit null exception at 0x0000018980c2ce9e to 0x0000018980c2f3ea
Event: 45.501 Thread 0x00000189b5f8c7b0 Exception <a 'java/lang/NullPointerException'{0x000000054dbd4fb0}> (0x000000054dbd4fb0) 
thrown [t:\workspace\open\src\hotspot\share\runtime\sharedRuntime.cpp, line 628]
Event: 45.501 Thread 0x00000189b5f8c7b0 Implicit null exception at 0x0000018980c2ce9e to 0x0000018980c2f3ea
Event: 45.501 Thread 0x00000189b5f8c7b0 Exception <a 'java/lang/NullPointerException'{0x000000054dbd5ee8}> (0x000000054dbd5ee8) 
thrown [t:\workspace\open\src\hotspot\share\runtime\sharedRuntime.cpp, line 628]
Event: 48.052 Thread 0x00000189b5f8e960 Implicit null exception at 0x0000018980c2ce9e to 0x0000018980c2f3ea
Event: 48.052 Thread 0x00000189b5f8e960 Exception <a 'java/lang/NullPointerException'{0x0000000551481c50}> (0x0000000551481c50) 
thrown [t:\workspace\open\src\hotspot\share\runtime\sharedRuntime.cpp, line 628]
Event: 52.416 Thread 0x00000189b5f8b470 Exception <a 'java/lang/InterruptedException'{0x00000005507fdcf8}: sleep interrupted> (0x00000005507fdcf8) 
thrown [t:\workspace\open\src\hotspot\share\prims\jvm.cpp, line 3067]
Event: 52.418 Thread 0x00000189b5f7d270 Exception <a 'java/lang/NullPointerException'{0x000000052ed5bdb8}> (0x000000052ed5bdb8) 
thrown [t:\workspace\open\src\hotspot\share\interpreter\linkResolver.cpp, line 1357]
Event: 52.418 Thread 0x00000189b5f7d270 Exception <a 'java/lang/reflect/InvocationTargetException'{0x000000052ed5c090}> (0x000000052ed5c090) 
thrown [t:\workspace\open\src\hotspot\share\runtime\reflection.cpp, line 1121]

VM Operations (20 events):
Event: 48.455 Executing VM operation: G1CollectForAllocation
Event: 48.457 Executing VM operation: G1CollectForAllocation done
Event: 48.865 Executing VM operation: G1CollectForAllocation
Event: 48.869 Executing VM operation: G1CollectForAllocation done
Event: 49.272 Executing VM operation: G1CollectForAllocation
Event: 49.274 Executing VM operation: G1CollectForAllocation done
Event: 49.657 Executing VM operation: G1CollectForAllocation
Event: 49.660 Executing VM operation: G1CollectForAllocation done
Event: 50.053 Executing VM operation: G1CollectForAllocation
Event: 50.055 Executing VM operation: G1CollectForAllocation done
Event: 50.466 Executing VM operation: G1CollectForAllocation
Event: 50.470 Executing VM operation: G1CollectForAllocation done
Event: 50.886 Executing VM operation: G1CollectForAllocation
Event: 50.888 Executing VM operation: G1CollectForAllocation done
Event: 51.315 Executing VM operation: G1CollectForAllocation
Event: 51.318 Executing VM operation: G1CollectForAllocation done
Event: 51.717 Executing VM operation: G1CollectForAllocation
Event: 51.719 Executing VM operation: G1CollectForAllocation done
Event: 52.121 Executing VM operation: G1CollectForAllocation
Event: 52.123 Executing VM operation: G1CollectForAllocation done

Events (20 events):
Event: 52.417 loading class java/awt/font/TextHitInfo done
Event: 52.417 Thread 0x00000189b5f79f30 Thread exited: 0x00000189b5f79f30
Event: 52.418 loading class java/lang/Throwable$WrappedPrintStream
Event: 52.418 loading class java/lang/Throwable$PrintStreamOrWriter
Event: 52.418 loading class java/lang/Throwable$PrintStreamOrWriter done
Event: 52.418 Thread 0x00000189b5f7e0e0 Thread exited: 0x00000189b5f7e0e0
Event: 52.418 loading class java/lang/Throwable$WrappedPrintStream done
Event: 52.418 Thread 0x00000189bc60e930 Thread added: 0x00000189bc60e930
Event: 52.419 Thread 0x00000189bc609760 Thread added: 0x00000189bc609760
Event: 52.419 loading class java/lang/StackTraceElement$HashedModules
Event: 52.419 Thread 0x00000189bc60bde0 Thread added: 0x00000189bc60bde0
Event: 52.419 loading class java/lang/StackTraceElement$HashedModules done
Event: 52.419 Thread 0x00000189b5f7e5b0 Thread exited: 0x00000189b5f7e5b0
Event: 52.419 Thread 0x00000189bc60bde0 Thread exited: 0x00000189bc60bde0
Event: 52.420 Thread 0x00000189b5f7d740 Thread exited: 0x00000189b5f7d740
Event: 52.420 Thread 0x00000189bc60e930 Thread exited: 0x00000189bc60e930
Event: 52.420 Thread 0x00000189b5f7dc10 Thread exited: 0x00000189b5f7dc10
Event: 52.421 Thread 0x00000189bb87b3b0 Thread added: 0x00000189bb87b3b0
Event: 52.422 Thread 0x00000189b5f7d270 Thread exited: 0x00000189b5f7d270
Event: 52.423 Thread 0x00000189b5a470d0 Thread exited: 0x00000189b5a470d0


Dynamic libraries:
0x00007ff754b90000 - 0x00007ff754ba0000 	C:\Program Files\Java\jdk-17.0.2\bin\java.exe
0x00007ffc2e2f0000 - 0x00007ffc2e4e5000 	C:\Windows\SYSTEM32\ntdll.dll
0x00007ffc2dac0000 - 0x00007ffc2db7e000 	C:\Windows\System32\KERNEL32.DLL
0x00007ffc2ba60000 - 0x00007ffc2bd28000 	C:\Windows\System32\KERNELBASE.dll
0x00007ffc2bd60000 - 0x00007ffc2be60000 	C:\Windows\System32\ucrtbase.dll
0x00007ffc13760000 - 0x00007ffc13778000 	C:\Program Files\Java\jdk-17.0.2\bin\jli.dll
0x00007ffc13740000 - 0x00007ffc1375a000 	C:\Program Files\Java\jdk-17.0.2\bin\VCRUNTIME140.dll
0x00007ffc2d3a0000 - 0x00007ffc2d44e000 	C:\Windows\System32\ADVAPI32.dll
0x00007ffc2de00000 - 0x00007ffc2de9e000 	C:\Windows\System32\msvcrt.dll
0x00007ffc2d170000 - 0x00007ffc2d20c000 	C:\Windows\System32\sechost.dll
0x00007ffc2db80000 - 0x00007ffc2dca5000 	C:\Windows\System32\RPCRT4.dll
0x00007ffc2e080000 - 0x00007ffc2e220000 	C:\Windows\System32\USER32.dll
0x00007ffc2ae20000 - 0x00007ffc2b0ba000 	C:\Windows\WinSxS\amd64_microsoft.windows.common-controls_6595b64144ccf1df_6.0.19041.1110_none_60b5254171f9507e\COMCTL32.dll
0x00007ffc2e280000 - 0x00007ffc2e2ab000 	C:\Windows\System32\GDI32.dll
0x00007ffc2c020000 - 0x00007ffc2c042000 	C:\Windows\System32\win32u.dll
0x00007ffc2be60000 - 0x00007ffc2bf6b000 	C:\Windows\System32\gdi32full.dll
0x00007ffc2c0c0000 - 0x00007ffc2c15d000 	C:\Windows\System32\msvcp_win.dll
0x00007ffc29770000 - 0x00007ffc2977a000 	C:\Windows\SYSTEM32\VERSION.dll
0x00007ffc2cbb0000 - 0x00007ffc2cbe0000 	C:\Windows\System32\IMM32.DLL
0x00007ffc22460000 - 0x00007ffc2246c000 	C:\Program Files\Java\jdk-17.0.2\bin\vcruntime140_1.dll
0x00007ffc09120000 - 0x00007ffc091ad000 	C:\Program Files\Java\jdk-17.0.2\bin\msvcp140.dll
0x00007ffbc0fa0000 - 0x00007ffbc1b61000 	C:\Program Files\Java\jdk-17.0.2\bin\server\jvm.dll
0x00007ffc2dd20000 - 0x00007ffc2dd28000 	C:\Windows\System32\PSAPI.DLL
0x00007ffc1ef60000 - 0x00007ffc1ef69000 	C:\Windows\SYSTEM32\WSOCK32.dll
0x00007ffc22150000 - 0x00007ffc22177000 	C:\Windows\SYSTEM32\WINMM.dll
0x00007ffc2df80000 - 0x00007ffc2dfeb000 	C:\Windows\System32\WS2_32.dll
0x00007ffc28b40000 - 0x00007ffc28b52000 	C:\Windows\SYSTEM32\kernel.appcore.dll
0x00007ffc1eb30000 - 0x00007ffc1eb3a000 	C:\Program Files\Java\jdk-17.0.2\bin\jimage.dll
0x00007ffc2b430000 - 0x00007ffc2b614000 	C:\Windows\SYSTEM32\DBGHELP.DLL
0x00007ffc2b380000 - 0x00007ffc2b3ac000 	C:\Windows\SYSTEM32\dbgcore.DLL
0x00007ffc2c160000 - 0x00007ffc2c1e2000 	C:\Windows\System32\bcryptPrimitives.dll
0x00007ffc12be0000 - 0x00007ffc12c05000 	C:\Program Files\Java\jdk-17.0.2\bin\java.dll
0x00007ffbe72a0000 - 0x00007ffbe7376000 	C:\Program Files\Java\jdk-17.0.2\bin\jsvml.dll
0x00007ffc2c460000 - 0x00007ffc2cba4000 	C:\Windows\System32\SHELL32.dll
0x00007ffc28d40000 - 0x00007ffc294d4000 	C:\Windows\SYSTEM32\windows.storage.dll
0x00007ffc2d4d0000 - 0x00007ffc2d824000 	C:\Windows\System32\combase.dll
0x00007ffc2ad80000 - 0x00007ffc2adac000 	C:\Windows\SYSTEM32\Wldp.dll
0x00007ffc2d830000 - 0x00007ffc2d8dd000 	C:\Windows\System32\SHCORE.dll
0x00007ffc2e220000 - 0x00007ffc2e275000 	C:\Windows\System32\shlwapi.dll
0x00007ffc2b950000 - 0x00007ffc2b96f000 	C:\Windows\SYSTEM32\profapi.dll
0x00007ffc134b0000 - 0x00007ffc134c9000 	C:\Program Files\Java\jdk-17.0.2\bin\net.dll
0x00007ffc1ff70000 - 0x00007ffc20079000 	C:\Windows\SYSTEM32\WINHTTP.dll
0x00007ffc2ac50000 - 0x00007ffc2acba000 	C:\Windows\system32\mswsock.dll
0x00007ffc12c60000 - 0x00007ffc12c76000 	C:\Program Files\Java\jdk-17.0.2\bin\nio.dll
0x00007ffc12bc0000 - 0x00007ffc12bd8000 	C:\Program Files\Java\jdk-17.0.2\bin\zip.dll
0x00007ffbe53d0000 - 0x00007ffbe555f000 	C:\Program Files\Java\jdk-17.0.2\bin\awt.dll
0x00007ffc2dd30000 - 0x00007ffc2ddfd000 	C:\Windows\System32\OLEAUT32.dll
0x00007ffc28560000 - 0x00007ffc285f0000 	C:\Windows\SYSTEM32\apphelp.dll
0x00007ffc28850000 - 0x00007ffc2887f000 	C:\Windows\system32\DWMAPI.DLL
0x00007ffc28650000 - 0x00007ffc286ee000 	C:\Windows\system32\uxtheme.dll
0x00007ffbe27a0000 - 0x00007ffbe28c6000 	C:\Windows\system32\opengl32.dll
0x00007ffc12930000 - 0x00007ffc1295c000 	C:\Windows\SYSTEM32\GLU32.dll
0x00007ffc2cbe0000 - 0x00007ffc2ccf6000 	C:\Windows\System32\MSCTF.dll
0x00007ffc2d270000 - 0x00007ffc2d39a000 	C:\Windows\System32\ole32.dll
0x00007ffc2b1c0000 - 0x00007ffc2b1d2000 	C:\Windows\SYSTEM32\msasn1.dll
0x00007ffc24b10000 - 0x00007ffc24b41000 	C:\Windows\SYSTEM32\cryptnet.dll
0x00007ffc2c1f0000 - 0x00007ffc2c346000 	C:\Windows\System32\CRYPT32.dll
0x00007ffc22c60000 - 0x00007ffc22da8000 	C:\Windows\SYSTEM32\drvstore.dll
0x00007ffc2b7b0000 - 0x00007ffc2b7e3000 	C:\Windows\SYSTEM32\devobj.dll
0x00007ffc2ba10000 - 0x00007ffc2ba5e000 	C:\Windows\System32\cfgmgr32.dll
0x00007ffc2ad70000 - 0x00007ffc2ad7c000 	C:\Windows\SYSTEM32\cryptbase.dll
0x00007ffc2c050000 - 0x00007ffc2c0b8000 	C:\Windows\System32\WINTRUST.DLL
0x00007ffc2daa0000 - 0x00007ffc2dabd000 	C:\Windows\System32\imagehlp.dll
0x00007ffc2b790000 - 0x00007ffc2b7a8000 	C:\Windows\SYSTEM32\CRYPTSP.dll
0x00007ffc2a480000 - 0x00007ffc2a4b4000 	C:\Windows\system32\rsaenh.dll
0x00007ffc2bd30000 - 0x00007ffc2bd57000 	C:\Windows\System32\bcrypt.dll
0x00007ffc07230000 - 0x00007ffc074f7000 	C:\Windows\system32\nvspcap64.dll
0x00007ffc2b750000 - 0x00007ffc2b783000 	C:\Windows\SYSTEM32\ntmarta.dll
0x00007ffc294f0000 - 0x00007ffc29513000 	C:\Windows\SYSTEM32\gpapi.dll
0x00007ffc26230000 - 0x00007ffc2626b000 	C:\Windows\SYSTEM32\dxcore.dll
0x00007ffbf8820000 - 0x00007ffbf88a9000 	C:\Program Files\Java\jdk-17.0.2\bin\freetype.dll
0x00007ffbe6b00000 - 0x00007ffbe6ba8000 	C:\Program Files\Java\jdk-17.0.2\bin\fontmanager.dll
0x00007ffc2c350000 - 0x00007ffc2c3f9000 	C:\Windows\System32\clbcatq.dll
0x00007ffc250c0000 - 0x00007ffc25274000 	C:\Windows\SYSTEM32\WindowsCodecs.dll
0x00007ffc01ff0000 - 0x00007ffc0202e000 	C:\Windows\system32\dataexchange.dll
0x00007ffc27000000 - 0x00007ffc27264000 	C:\Windows\system32\d3d11.dll
0x00007ffc27970000 - 0x00007ffc27b55000 	C:\Windows\system32\dcomp.dll
0x00007ffc29520000 - 0x00007ffc29613000 	C:\Windows\system32\dxgi.dll
0x00007ffc24d60000 - 0x00007ffc24f61000 	C:\Windows\system32\twinapi.appcore.dll
0x00007ffc1e7e0000 - 0x00007ffc1e8d9000 	C:\Windows\SYSTEM32\textinputframework.dll
0x00007ffc28240000 - 0x00007ffc28332000 	C:\Windows\System32\CoreMessaging.dll
0x00007ffc27b60000 - 0x00007ffc27ebe000 	C:\Windows\System32\CoreUIComponents.dll
0x00007ffc26a40000 - 0x00007ffc26b94000 	C:\Windows\SYSTEM32\wintypes.dll
0x00007ffc20c10000 - 0x00007ffc20c76000 	C:\Windows\system32\Oleacc.dll
0x00007ffc267e0000 - 0x00007ffc267e9000 	C:\Program Files\Java\jdk-17.0.2\bin\management.dll
0x00007ffc22470000 - 0x00007ffc2247b000 	C:\Program Files\Java\jdk-17.0.2\bin\management_ext.dll
0x00007ffc2b910000 - 0x00007ffc2b93e000 	C:\Windows\SYSTEM32\USERENV.dll
0x00007ffc2a7d0000 - 0x00007ffc2a80b000 	C:\Windows\SYSTEM32\IPHLPAPI.DLL
0x00007ffc2dd10000 - 0x00007ffc2dd18000 	C:\Windows\System32\NSI.dll
0x00007ffc24a70000 - 0x00007ffc24a87000 	C:\Windows\SYSTEM32\dhcpcsvc6.DLL
0x00007ffc24920000 - 0x00007ffc2493d000 	C:\Windows\SYSTEM32\dhcpcsvc.DLL
0x00007ffc2a810000 - 0x00007ffc2a8da000 	C:\Windows\SYSTEM32\DNSAPI.dll
0x00007ffc16460000 - 0x00007ffc1646e000 	C:\Program Files\Java\jdk-17.0.2\bin\sunmscapi.dll
0x00007ffc2adf0000 - 0x00007ffc2ae17000 	C:\Windows\SYSTEM32\ncrypt.dll
0x00007ffc2adb0000 - 0x00007ffc2adeb000 	C:\Windows\SYSTEM32\NTASN1.dll
0x00007ffc16170000 - 0x00007ffc16177000 	C:\Windows\system32\wshunix.dll
0x00007ffc14b50000 - 0x00007ffc14b67000 	C:\Windows\system32\napinsp.dll
0x00007ffc14b00000 - 0x00007ffc14b1b000 	C:\Windows\system32\pnrpnsp.dll
0x00007ffc14a80000 - 0x00007ffc14a95000 	C:\Windows\system32\wshbth.dll
0x00007ffc26750000 - 0x00007ffc2676d000 	C:\Windows\system32\NLAapi.dll
0x00007ffc149d0000 - 0x00007ffc149e2000 	C:\Windows\System32\winrnr.dll
0x00007ffc20890000 - 0x00007ffc2089a000 	C:\Windows\System32\rasadhlp.dll
0x00007ffc21200000 - 0x00007ffc2127f000 	C:\Windows\System32\fwpuclnt.dll

dbghelp: loaded successfully - version: 4.0.5 - missing functions: none
symbol engine: initialized successfully - sym options: 0x614 - pdb path: .;C:\Program Files\Java\jdk-17.0.2\bin;C:\Windows\SYSTEM32;C:\Windows\WinSxS\amd64_microsoft.windows.common-controls_6595b64144ccf1df_6.0.19041.1110_none_60b5254171f9507e;C:\Program Files\Java\jdk-17.0.2\bin\server;C:\Windows\System32\DriverStore\FileRepository\nv_dispi.inf_amd64_27b7032dc800f1a9

VM Arguments:
java_command: jason.infra.local.RunLocalMAS DomesticRobot.mas2j
java_class_path (initial): C:\02-PROJECTS\si-domesticrobot;C:\02-PROJECTS\si-domesticrobot\bin\classes;C:\Users\agope\Downloads\jason-3.0\libs\jason-3.0.jar;C:\02-PROJECTS\si-domesticrobot\lib\Ab.jar;C:\02-PROJECTS\si-domesticrobot\lib\cartago-2.5-SNAPSHOT.jar;C:\02-PROJECTS\si-domesticrobot\lib\jaca-2.5-SNAPSHOT.jar;C:\Users\agope\Downloads\jason-3.0\libs\BufferTabs.jar;C:\Users\agope\Downloads\jason-3.0\libs\ErrorList.jar;C:\Users\agope\Downloads\jason-3.0\libs\SideKick.jar;C:\Users\agope\Downloads\jason-3.0\libs\ant-1.10.5.jar;C:\Users\agope\Downloads\jason-3.0\libs\ant-launcher-1.10.5.jar;C:\Users\agope\Downloads\jason-3.0\libs\jade-4.3.jar;C:\Users\agope\Downloads\jason-3.0\libs\jason-3.0-javadoc.jar;C:\Users\agope\Downloads\jason-3.0\libs\jason-3.0-sources.jar;C:\Users\agope\Downloads\jason-3.0\libs\javax.json-1.1.4.jar;C:\Users\agope\Downloads\jason-3.0\libs\javax.json-api-1.1.4.jar;C:\Users\agope\Downloads\jason-3.0\libs\jedit.jar
Launcher Type: SUN_STANDARD

[Global flags]
     intx CICompilerCount                          = 12                                        {product} {ergonomic}
     uint ConcGCThreads                            = 4                                         {product} {ergonomic}
     uint G1ConcRefinementThreads                  = 16                                        {product} {ergonomic}
   size_t G1HeapRegionSize                         = 8388608                                   {product} {ergonomic}
    uintx GCDrainStackTargetSize                   = 64                                        {product} {ergonomic}
   size_t InitialHeapSize                          = 805306368                                 {product} {ergonomic}
   size_t MarkStackSize                            = 4194304                                   {product} {ergonomic}
   size_t MaxHeapSize                              = 12884901888                               {product} {ergonomic}
   size_t MaxNewSize                               = 7725907968                                {product} {ergonomic}
   size_t MinHeapDeltaBytes                        = 8388608                                   {product} {ergonomic}
   size_t MinHeapSize                              = 8388608                                   {product} {ergonomic}
    uintx NonNMethodCodeHeapSize                   = 7602480                                {pd product} {ergonomic}
    uintx NonProfiledCodeHeapSize                  = 122027880                              {pd product} {ergonomic}
    uintx ProfiledCodeHeapSize                     = 122027880                              {pd product} {ergonomic}
    uintx ReservedCodeCacheSize                    = 251658240                              {pd product} {ergonomic}
     bool SegmentedCodeCache                       = true                                      {product} {ergonomic}
   size_t SoftMaxHeapSize                          = 12884901888                            {manageable} {ergonomic}
     bool UseCompressedClassPointers               = true                           {product lp64_product} {ergonomic}
     bool UseCompressedOops                        = true                           {product lp64_product} {ergonomic}
     bool UseG1GC                                  = true                                      {product} {ergonomic}
     bool UseLargePagesIndividualAllocation        = false                                  {pd product} {ergonomic}

Logging:
Log output configuration:
 #0: stdout all=warning uptime,level,tags
 #1: stderr all=off uptime,level,tags

Environment Variables:
PATH=C:\Program Files\Common Files\Oracle\Java\javapath;C:\Program Files\NVIDIA GPU Computing Toolkit\CUDA\v11.0\bin;C:\Program Files\NVIDIA GPU Computing Toolkit\CUDA\v11.0\libnvvp;C:\Python39\Scripts\;C:\Python39\;C:\Windows\system32;C:\Windows;C:\Windows\System32\Wbem;C:\Windows\System32\WindowsPowerShell\v1.0\;C:\Windows\System32\OpenSSH\;C:\Program Files\dotnet\;C:\Program Files\Git\cmd;C:\Program Files\Microsoft VS Code\bin;C:\Program Files\nodejs\;C:\ProgramData\chocolatey\bin;C:\Program Files\NVIDIA Corporation\Nsight Compute 2020.1.1\;C:\MinGW\bin;C:\opencv3.0.0\x64\;C:\cygwin64\bin\;;C:\Program Files\NVIDIA Corporation\NVIDIA NvDLISR;C:\Users\agope\AppData\Local\Microsoft\WindowsApps;C:\Users\agope\AppData\Roaming\npm;C:\Users\agope\AppData\Local\Pandoc\;C:\Users\agope\AppData\Local\Programs\MiKTeX\miktex\bin\x64\;C:\MinGW\bin;
USERNAME=agope
OS=Windows_NT
PROCESSOR_IDENTIFIER=Intel64 Family 6 Model 63 Stepping 2, GenuineIntel



---------------  S Y S T E M  ---------------

OS:
 Windows 10 , 64 bit Build 19041 (10.0.19041.1566)
OS uptime: 13 days 1:50 hours

CPU: total 22 (initial active 22) (11 cores per cpu, 2 threads per core) family 6 model 63 stepping 2 microcode 0x3d, cx8, cmov, fxsr, ht, mmx, sse, sse2, sse3, ssse3, sse4.1, sse4.2, popcnt, lzcnt, tsc, avx, avx2, aes, erms, clmul, bmi1, bmi2, fma, vzeroupper, clflush, hv

Memory: 4k page, system-wide physical 49148M (27973M free)
TotalPageFile size 56320M (AvailPageFile size 22033M)
current process WorkingSet (physical memory assigned to process): 1173M, peak: 1274M
current process commit charge ("private bytes"): 1587M, peak: 1711M

vm_info: Java HotSpot(TM) 64-Bit Server VM (17.0.2+8-LTS-86) for windows-amd64 JRE (17.0.2+8-LTS-86), built on Dec  7 2021 21:51:03 by "mach5one" with MS VC++ 16.8 / 16.9 (VS2019)

END.
